2022-02-23 18:37:06,543 - Access granted. Correct code
2022-02-23 18:37:35,186 - Access granted. Correct code
2022-02-23 18:37:48,413 - Access granted. Used userID=1
2022-02-01 00:01:08,822 - Access granted. Correct code
2022-02-01 00:02:30,493 - Access granted. Used userID=2
2022-02-01 00:03:34,740 - Access denied. Unknown user.
2022-02-01 00:03:35,427 - Access denied. Unknown user.
2022-02-01 00:03:41,289 - Access granted. Used userID=0
2022-02-01 00:03:46,241 - Access granted. Used userID=1
2022-02-01 00:07:56,774 - SPECIAL ACCESS FOR MECHANINS.
2022-02-23 18:54:25,002 - SPECIAL ACCESS FOR MECHANINS.
2022-02-23 18:58:23,496 - SPECIAL ACCESS FOR MECHANINS.
2022-02-23 18:58:28,751 - SPECIAL ACCESS FOR MECHANINS.
2022-02-23 18:59:22,686 - SPECIAL ACCESS FOR MECHANINS.
2022-02-23 18:59:27,854 - SPECIAL ACCESS FOR MECHANINS.
2022-02-23 18:59:50,874 - Access denied. Unknown user.
2022-02-23 18:59:51,528 - Access denied. Unknown user.
2022-02-23 18:59:52,143 - Access denied. Unknown user.
2022-02-23 19:01:26,192 - Access denied. Wrong code
2022-02-23 19:06:10,540 - SPECIAL ACCESS FOR MECHANINS.
2022-02-23 19:07:38,528 - Access denied. Unknown user.
2022-02-23 19:07:39,165 - Access denied. Unknown user.
2022-02-23 18:54:00,512 - SPECIAL ACCESS FOR MECHANINS.
2022-02-23 18:56:52,833 - Access denied. Unknown user.
2022-02-23 18:56:53,689 - Access granted. Used userID=1
2022-02-23 18:57:03,269 - Access denied. Unknown user.
2022-02-23 18:57:03,974 - Access denied. Unknown user.
2022-02-23 18:57:12,428 - Access granted. Used userID=0
2022-02-23 18:57:19,702 - Access granted. Used userID=1
2022-02-23 18:59:05,562 - SPECIAL ACCESS FOR MECHANINS.
2022-02-23 18:59:15,419 - SPECIAL ACCESS FOR MECHANINS.
2022-02-23 18:59:16,128 - SPECIAL ACCESS FOR MECHANINS.
2022-02-23 18:59:16,760 - SPECIAL ACCESS FOR MECHANINS.
2022-02-23 19:06:37,275 - SPECIAL ACCESS FOR MECHANINS.
2022-02-23 19:06:47,196 - SPECIAL ACCESS FOR MECHANINS.
2022-02-23 19:06:59,239 - SPECIAL ACCESS FOR MECHANINS.
2022-02-23 19:07:00,098 - SPECIAL ACCESS FOR MECHANINS.
2022-02-23 19:08:08,515 - Access granted. Correct code
2022-02-23 19:08:14,178 - SPECIAL ACCESS FOR MECHANINS.
2022-02-23 19:08:18,013 - Access granted. Correct code
2022-02-23 19:08:24,786 - Access denied. Unknown user.
2022-02-23 19:08:25,459 - Access denied. Unknown user.
2022-02-23 19:08:26,080 - Access denied. Unknown user.
2022-02-23 19:08:33,043 - Access granted. Used userID=0
2022-02-23 19:08:39,453 - Access granted. Used userID=1
2022-02-23 19:14:30,611 - SPECIAL ACCESS FOR MECHANINS.
2022-02-23 19:14:37,241 - SPECIAL ACCESS FOR MECHANINS.
2022-02-23 19:14:44,082 - SPECIAL ACCESS FOR MECHANINS.
2022-02-23 19:15:22,558 - Access denied. Wrong code
2022-02-23 19:15:31,581 - Access granted. Used userID=1
2022-02-23 19:21:52,191 - Access denied. Wrong code
2022-02-23 19:21:57,436 - Access denied. Unknown user.
2022-02-23 19:21:58,083 - Access granted. Used userID=10
2022-02-23 19:22:41,210 - SPECIAL ACCESS FOR MECHANINS.
2022-02-23 19:22:59,863 - Access granted. Correct code
2022-02-23 19:23:06,869 - Access denied. Unknown user.
2022-02-23 19:23:07,712 - Access granted. Used userID=10
2022-02-23 19:23:16,269 - SPECIAL ACCESS FOR MECHANINS.
2022-02-23 19:23:23,920 - SPECIAL ACCESS FOR MECHANINS.
2022-02-23 19:23:29,799 - Access granted. Correct code
2022-02-23 19:28:58,476 - SPECIAL ACCESS FOR MECHANINS.
2022-02-23 19:29:06,861 - SPECIAL ACCESS FOR MECHANINS.
2022-02-23 19:29:16,900 - Access granted. Correct code
2022-02-23 19:29:27,603 - Access granted. Used userID=11
2022-02-23 19:29:38,004 - SPECIAL ACCESS FOR MECHANINS.
2022-02-23 19:29:42,839 - SPECIAL ACCESS FOR MECHANINS.
2022-02-23 19:31:51,480 - SPECIAL ACCESS FOR MECHANINS.
2022-02-23 19:31:58,294 - Access denied. Unknown user.
2022-02-23 19:31:59,027 - Access denied. Unknown user.
2022-02-23 19:32:05,205 - SPECIAL ACCESS FOR MECHANINS.
2022-02-23 19:32:11,156 - Access granted. Used userID=10
2022-02-23 19:19:21,397 - Access granted. Used userID=0
2022-02-23 19:19:31,902 - Access granted. Used userID=10
2022-02-23 19:19:39,254 - SPECIAL ACCESS FOR MECHANINS.
2022-02-23 19:19:45,714 - Access granted. Used userID=10
2022-02-23 19:19:54,803 - Access granted. Correct code
