2021-12-05 22:07:53,222 - Access denied. Wrong code
2021-12-05 22:12:01,213 - Access denied. Wrong code
2021-12-05 22:12:01,213 - Access denied. Wrong code
2021-12-05 22:12:03,703 - Access denied. Wrong code
2021-12-05 22:12:03,703 - Access denied. Wrong code
2021-12-05 22:12:06,975 - Access denied. Wrong code
2021-12-05 22:12:06,975 - Access denied. Wrong code
2021-12-05 22:12:09,279 - Access granted. Correct code
2021-12-05 22:12:09,279 - Access granted. Correct code
2021-12-05 23:08:38,150 - Access granted. Correct code
2021-12-06 00:04:51,328 - Access denied. Wrong code
2021-12-06 00:08:13,624 - Access denied. Wrong code
2021-12-10 13:31:26,854 - Access denied. Wrong code
2021-12-10 13:33:33,677 - Access denied. Wrong code
2021-12-10 13:39:18,036 - Access granted. Correct code
2021-12-10 13:39:26,685 - Access denied. Wrong code
2021-12-10 13:39:28,509 - Access denied. Wrong code
2021-12-10 13:43:02,547 - Access granted. Correct code
2021-12-10 13:43:09,249 - Access denied. Wrong code
2021-12-10 13:43:11,339 - Access denied. Wrong code
2021-12-10 13:49:35,537 - Access granted. Correct code
2021-12-13 02:12:03,683 - Access denied. Wrong code
2021-12-13 02:12:03,685 - Access denied. Wrong code
2021-12-13 02:12:04,401 - Access denied. Wrong code
2021-12-13 02:12:10,521 - Access granted. Correct code
2021-12-13 02:15:35,348 - Access granted. Correct code
2021-12-13 02:16:50,984 - Access granted. Correct code
2021-12-13 02:19:26,711 - Access granted. Correct code
2021-12-13 02:19:35,311 - Access granted. Correct code
2021-12-13 02:19:48,717 - Access granted. Correct code
2021-12-13 02:19:48,718 - Access granted. Correct code
2021-12-13 02:19:56,707 - Access granted. Correct code
2021-12-13 02:20:03,483 - Access granted. Correct code
2021-12-13 02:20:09,270 - Access granted. Correct code
2021-12-13 02:20:14,989 - Access granted. Correct code
2021-12-13 02:20:20,010 - Access granted. Correct code
2021-12-13 02:20:25,228 - Access granted. Correct code
2021-12-13 02:20:31,958 - Access denied. Wrong code
2021-12-13 02:20:32,490 - Access denied. Wrong code
2021-12-13 02:20:33,595 - Access denied. Wrong code
2021-12-13 02:20:34,206 - Access denied. Wrong code
2021-12-13 02:20:35,253 - Access denied. Wrong code
2021-12-13 02:20:35,921 - Access denied. Wrong code
2021-12-13 02:20:36,537 - Access denied. Wrong code
2021-12-13 02:20:37,652 - Access denied. Wrong code
2021-12-13 02:20:38,316 - Access denied. Wrong code
2021-12-13 02:20:39,028 - Access denied. Wrong code
2021-12-13 02:20:39,939 - Access denied. Wrong code
2021-12-13 02:20:40,654 - Access denied. Wrong code
2021-12-13 02:20:41,286 - Access denied. Wrong code
2021-12-13 02:20:42,022 - Access denied. Wrong code
2021-12-13 02:20:42,851 - Access denied. Wrong code
2021-12-13 02:20:43,425 - Access denied. Wrong code
2021-12-13 02:20:44,986 - Access denied. Wrong code
2021-12-13 02:20:45,759 - Access denied. Wrong code
2021-12-13 02:20:46,370 - Access denied. Wrong code
2021-12-13 02:20:47,490 - Access denied. Wrong code
2021-12-13 02:20:48,120 - Access denied. Wrong code
2021-12-13 02:20:48,893 - Access denied. Wrong code
2021-12-13 02:20:50,961 - Access denied. Wrong code
2021-12-13 02:20:51,561 - Access denied. Wrong code
2021-12-13 02:20:52,162 - Access denied. Wrong code
2021-12-13 02:20:52,778 - Access denied. Wrong code
2021-12-13 02:20:53,356 - Access denied. Wrong code
2021-12-13 02:20:54,061 - Access denied. Wrong code
2021-12-13 02:20:54,822 - Access denied. Wrong code
2021-12-13 02:20:55,836 - Access denied. Wrong code
2021-12-13 02:20:56,450 - Access denied. Wrong code
2021-12-13 02:20:57,285 - Access denied. Wrong code
2021-12-13 02:20:58,055 - Access denied. Wrong code
2021-12-13 02:20:59,270 - Access denied. Wrong code
2021-12-13 02:20:59,988 - Access denied. Wrong code
2021-12-13 02:21:01,221 - Access denied. Wrong code
2021-12-13 02:21:01,850 - Access denied. Wrong code
2021-12-13 02:21:02,619 - Access denied. Wrong code
2021-12-13 02:21:40,190 - Access denied. Wrong code
2021-12-13 02:21:42,232 - Access denied. Wrong code
2021-12-13 02:21:42,970 - Access denied. Wrong code
2021-12-13 02:21:43,701 - Access denied. Wrong code
2021-12-13 02:21:44,329 - Access denied. Wrong code
2021-12-13 02:22:10,141 - Access granted. Correct code
2021-12-13 02:25:49,074 - Access denied. Wrong code
2021-12-13 02:25:49,075 - Access denied. Wrong code
2021-12-13 02:25:49,773 - Access denied. Wrong code
2021-12-13 02:25:56,133 - Access denied. Wrong code
2021-12-13 02:26:02,025 - Access denied. Wrong code
2021-12-13 02:28:01,294 - Access denied. Wrong code
2021-12-13 02:28:01,295 - Access denied. Wrong code
2021-12-13 02:28:02,001 - Access denied. Wrong code
2021-12-13 02:28:19,697 - Access denied. Wrong code
2021-12-13 02:28:19,698 - Access denied. Wrong code
2021-12-13 02:28:20,401 - Access denied. Wrong code
2021-12-13 02:28:26,460 - Access denied. Wrong code
2021-12-13 02:28:33,336 - Access denied. Wrong code
2021-12-13 02:29:24,122 - Access granted. Correct code
2021-12-13 02:31:38,606 - Access granted. Correct code
2021-12-13 02:31:44,848 - Access granted. Used userID=1
2021-12-13 02:31:50,337 - Access granted. Used userID=3
2021-12-13 02:32:22,077 - Access denied. Wrong code
2021-12-13 02:32:43,967 - Access granted. Used userID=1
2021-12-13 02:32:50,295 - Access granted. Used userID=2
2021-12-13 02:32:57,261 - Access granted. Used userID=1
2021-12-13 02:33:10,386 - Access granted. Used userID=1
2021-12-13 02:33:23,886 - Access granted. Used userID=1
2021-12-13 02:38:40,421 - Access granted. Correct code
2021-12-13 02:38:48,966 - Access granted. Correct code
2021-12-13 02:38:49,643 - Access denied. Unknown user.
2021-12-13 02:39:01,382 - Access granted. Correct code
2021-12-13 02:39:09,659 - Access granted. Used userID=2
2021-12-13 02:39:16,929 - Access granted. Used userID=3
2021-12-13 02:39:35,455 - Access granted. Correct code
2021-12-13 02:39:41,141 - Access denied. Wrong code
2021-12-13 02:39:47,046 - Access granted. Correct code
2021-12-13 02:39:55,815 - Access granted. Used userID=3
2021-12-13 02:39:56,486 - Access denied. Unknown user.
2021-12-13 02:40:04,277 - Access denied. Unknown user.
2021-12-13 02:40:10,467 - Access granted. Used userID=3
2021-12-13 02:40:17,699 - Access granted. Used userID=3
2021-12-13 02:40:18,378 - Access denied. Unknown user.
2021-12-13 02:40:24,288 - Access denied. Unknown user.
2021-12-13 02:40:30,190 - Access granted. Used userID=1
2021-12-13 02:42:26,760 - Access granted. Correct code
2021-12-13 02:42:34,064 - Access granted. Correct code
2021-12-13 02:42:40,831 - Access granted. Used userID=3
2021-12-13 02:42:41,536 - Access denied. Unknown user.
2021-12-13 02:42:48,547 - Access denied. Unknown user.
2021-12-13 02:42:54,232 - Access granted. Used userID=3
2021-12-13 02:43:03,560 - Access granted. Used userID=3
2021-12-13 02:43:09,944 - Access granted. Used userID=3
2021-12-13 02:43:16,631 - Access granted. Used userID=2
2021-12-13 02:43:17,263 - Access denied. Unknown user.
2021-12-13 02:43:29,429 - Access denied. Unknown user.
2021-12-13 02:43:30,115 - Access denied. Unknown user.
2021-12-13 02:43:36,056 - Access denied. Unknown user.
2021-12-13 02:43:36,963 - Access denied. Unknown user.
2021-12-13 02:43:42,671 - Access denied. Unknown user.
2021-12-13 02:43:43,380 - Access denied. Unknown user.
2021-12-13 02:43:49,380 - Access denied. Unknown user.
2021-12-13 02:43:59,543 - Access granted. Used userID=1
2021-12-13 02:44:09,260 - Access granted. Used userID=1
2021-12-13 02:44:09,933 - Access denied. Unknown user.
2021-12-13 02:44:31,471 - Access denied. Wrong code
2021-12-13 02:44:37,505 - Access denied. Unknown user.
2021-12-13 02:44:44,991 - Access granted. Used userID=0
2021-12-13 02:44:51,429 - Access granted. Used userID=2
2021-12-13 02:44:52,226 - Access denied. Unknown user.
2021-12-13 02:44:59,112 - Access granted. Used userID=3
2021-12-13 02:44:59,813 - Access denied. Unknown user.
2021-12-13 02:45:05,521 - Access denied. Unknown user.
2021-12-13 02:45:06,227 - Access denied. Unknown user.
2021-12-13 02:45:06,929 - Access denied. Unknown user.
2021-12-13 02:45:07,566 - Access denied. Unknown user.
2021-12-13 02:45:13,429 - Access denied. Unknown user.
2021-12-13 02:45:14,102 - Access denied. Unknown user.
2021-12-13 02:45:22,403 - Access denied. Unknown user.
2021-12-13 02:45:23,110 - Access denied. Unknown user.
2021-12-13 02:45:28,260 - Access granted. Correct code
2021-12-13 02:46:05,217 - Access denied. Wrong code
2021-12-13 02:46:05,861 - Access denied. Unknown user.
2021-12-13 02:46:12,093 - Access denied. Unknown user.
2021-12-13 02:46:18,067 - Access granted. Used userID=2
2021-12-13 02:46:18,762 - Access denied. Unknown user.
2021-12-13 02:46:46,304 - Access granted. Correct code
2021-12-13 02:46:54,278 - Access granted. Used userID=3
2021-12-13 02:47:09,987 - Access granted. Used userID=3
2021-12-13 02:47:16,919 - Access granted. Used userID=0
2021-12-13 02:47:28,321 - Access granted. Used userID=0
2021-12-13 02:47:35,073 - Access granted. Used userID=3
2021-12-13 02:47:39,882 - Access granted. Used userID=3
2021-12-13 02:47:48,664 - Access granted. Used userID=3
2021-12-13 02:47:49,372 - Access denied. Unknown user.
2021-12-13 02:47:56,856 - Access denied. Unknown user.
2021-12-13 02:48:03,408 - Access denied. Unknown user.
2021-12-13 02:48:11,257 - Access granted. Used userID=2
2021-12-13 02:49:47,964 - Access denied. Unknown user.
2021-12-13 02:49:48,619 - Access denied. Unknown user.
2021-12-13 02:50:17,119 - Access denied. Wrong code
2021-12-13 02:50:22,048 - Access granted. Correct code
2021-12-13 02:50:49,539 - Access granted. Correct code
2021-12-13 02:51:05,473 - Access denied. Unknown user.
2021-12-13 02:51:06,154 - Access denied. Unknown user.
2021-12-13 02:51:40,871 - Access denied. Unknown user.
2021-12-13 02:51:41,575 - Access denied. Unknown user.
2021-12-13 21:30:23,918 - Access granted. Correct code
2021-12-14 16:57:31,909 - Access denied. Unknown user.
2021-12-14 16:57:32,599 - Access denied. Unknown user.
2021-12-14 17:04:59,749 - Access denied. Wrong code
2021-12-14 17:05:47,135 - Access denied. Unknown user.
2021-12-14 17:10:20,978 - Access granted. Used userID=0
2021-12-14 17:13:53,772 - Access denied. Unknown user.
2021-12-14 17:17:25,993 - Access granted. Used userID=0
2021-12-14 17:54:19,251 - Access denied. Unknown user.
2021-12-14 17:58:03,034 - Access denied. Unknown user.
2021-12-14 18:04:59,116 - Access denied. Unknown user.
2021-12-14 18:06:20,133 - Access denied. Unknown user.
2021-12-14 18:09:39,622 - Access granted. Used userID=0
2021-12-14 18:16:12,801 - Access granted. Used userID=0
2021-12-14 18:16:39,415 - Access granted. Used userID=0
2021-12-14 18:16:57,102 - Access granted. Used userID=0
2021-12-14 19:21:37,641 - Access denied. Unknown user.
2021-12-14 20:10:56,587 - Access denied. Unknown user.
2021-12-14 20:11:06,448 - Access denied. Unknown user.
2021-12-14 20:11:14,231 - Access denied. Unknown user.
2021-12-14 20:11:14,636 - Access denied. Unknown user.
2021-12-14 20:11:14,988 - Access denied. Unknown user.
2021-12-14 20:11:22,712 - Access denied. Unknown user.
2021-12-14 20:11:23,620 - Access denied. Unknown user.
2021-12-14 20:11:30,531 - Access denied. Unknown user.
2021-12-14 20:11:42,335 - Access granted. Correct code
2021-12-14 20:11:51,974 - Access denied. Wrong code
2021-12-14 20:12:01,837 - Access denied. Unknown user.
2021-12-14 20:12:12,746 - Access denied. Unknown user.
2021-12-14 20:12:20,107 - Access denied. Unknown user.
2021-12-14 20:13:54,727 - Access denied. Unknown user.
2021-12-14 20:14:01,689 - Access denied. Unknown user.
2021-12-14 20:14:08,110 - Access denied. Unknown user.
2021-12-14 20:14:13,720 - Access denied. Unknown user.
2021-12-14 20:22:33,609 - Access granted. Used userID=0
2021-12-15 19:06:55,867 - Access granted. Used userID=0
2021-12-15 19:07:03,186 - Access denied. Wrong code
2021-12-15 19:07:23,111 - Access granted. Correct code
2021-12-15 19:11:55,231 - Access granted. Correct code
2021-12-15 19:13:59,511 - Access granted. Used userID=0
2021-12-15 19:14:17,493 - Access granted. Correct code
2021-12-15 19:14:24,138 - Access granted. Correct code
2021-12-15 19:15:00,158 - Access granted. Correct code
2021-12-15 19:16:50,890 - Access denied. Unknown user.
2021-12-15 19:16:51,558 - Access denied. Unknown user.
2021-12-15 19:16:52,154 - Access denied. Unknown user.
2021-12-15 19:17:19,548 - Access granted. Used userID=0
2021-12-15 19:18:05,382 - Access granted. Correct code
2021-12-15 19:18:37,105 - Access denied. Unknown user.
2021-12-15 19:18:37,801 - Access denied. Unknown user.
2021-12-15 19:18:38,502 - Access denied. Unknown user.
2021-12-15 19:18:39,111 - Access denied. Unknown user.
2021-12-15 19:19:01,981 - Access denied. Unknown user.
2021-12-15 19:19:02,690 - Access denied. Unknown user.
2021-12-15 19:19:03,388 - Access denied. Unknown user.
2021-12-15 19:19:03,971 - Access denied. Unknown user.
2021-12-15 19:19:13,193 - Access denied. Wrong code
2021-12-15 19:19:50,013 - Access granted. Used userID=1
2021-12-15 19:23:16,948 - Access granted. Used userID=0
2021-12-15 19:39:46,581 - Access denied. Wrong code
2021-12-15 19:39:58,462 - Access granted. Correct code
2021-12-15 21:25:31,676 - Access granted. Used userID=0
2021-12-15 22:15:52,599 - Access granted. Correct code
2021-12-15 22:39:32,691 - Access denied. Wrong code
2021-12-16 00:59:03,875 - SPECIAL ACCESS FOR MECHANINS.
2021-12-16 01:26:55,040 - Access granted. Used userID=1
2021-12-16 01:27:04,471 - SPECIAL ACCESS FOR MECHANINS.
2021-12-16 01:27:12,466 - Access denied. Wrong code
2021-12-16 01:28:54,424 - Access granted. Used userID=0
2021-12-16 01:28:57,829 - Access denied. Wrong code
2021-12-16 01:29:09,345 - Access denied. Wrong code
2021-12-16 01:29:53,048 - Access granted. Used userID=2
2021-12-16 19:32:58,817 - Access denied. Wrong code
2021-12-16 19:33:19,231 - Access granted. Correct code
2021-12-16 19:33:36,540 - Access granted. Correct code
2021-12-16 19:34:42,917 - Access granted. Used userID=0
2021-12-16 19:36:05,959 - Access granted. Used userID=3
2021-12-16 19:39:27,624 - Access granted. Correct code
2021-12-16 19:45:59,147 - Access granted. Correct code
2021-12-16 19:46:05,711 - Access granted. Used userID=0
2021-12-16 19:53:36,972 - Access granted. Used userID=4
2021-12-16 19:55:43,195 - Access denied. Unknown user.
2021-12-16 19:55:43,874 - Access denied. Unknown user.
2021-12-16 19:55:44,571 - Access denied. Unknown user.
2021-12-16 19:56:11,101 - Access granted. Used userID=0
2021-12-16 19:56:17,944 - Access denied. Wrong code
2021-12-16 19:56:20,269 - Access granted. Correct code
2021-12-16 20:08:49,734 - Access granted. Used userID=5
2021-12-16 20:09:07,563 - Access granted. Used userID=5
2021-12-16 20:10:49,552 - Access denied. Unknown user.
2021-12-16 20:10:50,371 - Access granted. Used userID=6
2021-12-16 20:10:57,355 - Access granted. Used userID=6
2021-12-16 20:11:05,288 - Access denied. Unknown user.
2021-12-16 20:11:06,095 - Access granted. Used userID=6
2021-12-16 20:11:12,501 - Access denied. Unknown user.
2021-12-16 20:11:13,320 - Access granted. Used userID=6
2021-12-16 20:11:20,291 - Access denied. Unknown user.
2021-12-16 20:11:20,996 - Access denied. Unknown user.
2021-12-16 20:11:21,695 - Access denied. Unknown user.
2021-12-16 20:11:27,811 - Access granted. Used userID=0
2021-12-16 20:11:34,118 - Access granted. Used userID=6
2021-12-16 20:11:40,434 - Access granted. Used userID=6
2021-12-16 20:11:57,131 - Access granted. Correct code
2021-12-16 20:12:29,162 - Access granted. Used userID=6
2021-12-16 20:12:39,034 - Access granted. Used userID=6
2021-12-16 20:12:44,898 - Access granted. Used userID=6
2021-12-16 20:44:54,299 - Access granted. Used userID=7
